<?xml version="1.0" encoding="UTF-8"?>
<!-- Generated by org.testng.reporters.JUnitXMLReporter -->
<testsuite ignored="0" hostname="DESKTOP-FI8UJG3" failures="0" tests="4" name="Test" time="26.575" errors="0" timestamp="2022-04-08T06:36:28 IST">
  <testcase classname="com.zerodha.kite.test.KiteLoginPagesValidation" name="verifyInvalidCredentialsErrorMessage" time="2.426"/>
  <testcase classname="com.zerodha.kite.test.KiteLoginTest" name="verifyLogoutButton" time="2.976"/>
  <testcase classname="com.zerodha.kite.test.KiteLoginTest" name="verifyProfileMenuButton" time="2.215"/>
  <testcase classname="com.zerodha.kite.test.KiteLoginTest" name="verifyProfileName" time="2.093"/>
</testsuite> <!-- Test -->
