<?xml version="1.0" encoding="UTF-8"?>
<testng-results ignored="0" total="4" passed="4" failed="0" skipped="0">
  <reporter-output>
    <line>
      <![CDATA[=====Chrome Browser Session Started=====]]>
    </line>
    <line>
      <![CDATA[=====Application Started=====]]>
    </line>
    <line>
      <![CDATA[=====Browser Session End=====]]>
    </line>
    <line>
      <![CDATA[=====Chrome Browser Session Started=====]]>
    </line>
    <line>
      <![CDATA[=====Application Started=====]]>
    </line>
    <line>
      <![CDATA[=====Browser Session End=====]]>
    </line>
  </reporter-output>
  <suite started-at="2022-04-08T06:36:01 IST" name="Suite" finished-at="2022-04-08T06:36:28 IST" duration-ms="26575">
    <groups>
    </groups>
    <test started-at="2022-04-08T06:36:01 IST" name="Test" finished-at="2022-04-08T06:36:28 IST" duration-ms="26575">
      <class name="com.zerodha.kite.test.KiteLoginPagesValidation">
        <test-method is-config="true" signature="setupApplication(java.lang.String)[pri:0, instance:com.zerodha.kite.test.KiteLoginPagesValidation@957e06]" started-at="2022-04-08T06:36:01 IST" name="setupApplication" finished-at="2022-04-08T06:36:11 IST" duration-ms="9758" status="PASS">
          <params>
            <param index="0">
              <value>
                <![CDATA[Chrome]]>
              </value>
            </param>
          </params>
          <reporter-output>
            <line>
              <![CDATA[=====Chrome Browser Session Started=====]]>
            </line>
            <line>
              <![CDATA[=====Application Started=====]]>
            </line>
          </reporter-output>
        </test-method> <!-- setupApplication -->
        <test-method signature="verifyInvalidCredentialsErrorMessage()[pri:0, instance:com.zerodha.kite.test.KiteLoginPagesValidation@957e06]" started-at="2022-04-08T06:36:11 IST" name="verifyInvalidCredentialsErrorMessage" description="This TC will verify invalid credentials" finished-at="2022-04-08T06:36:13 IST" duration-ms="2426" status="PASS">
          <reporter-output>
          </reporter-output>
        </test-method> <!-- verifyInvalidCredentialsErrorMessage -->
        <test-method is-config="true" signature="takeScreenShotOnFailure(org.testng.ITestResult)[pri:0, instance:com.zerodha.kite.test.KiteLoginPagesValidation@957e06]" started-at="2022-04-08T06:36:13 IST" name="takeScreenShotOnFailure" finished-at="2022-04-08T06:36:13 IST" duration-ms="2" status="PASS">
          <params>
            <param index="0">
              <value>
                <![CDATA[[TestResult name=verifyInvalidCredentialsErrorMessage status=SUCCESS method=KiteLoginPagesValidation.verifyInvalidCredentialsErrorMessage()[pri:0, instance:com.zerodha.kite.test.KiteLoginPagesValidation@957e06] output={null}]]]>
              </value>
            </param>
          </params>
          <reporter-output>
          </reporter-output>
        </test-method> <!-- takeScreenShotOnFailure -->
        <test-method is-config="true" signature="closeApplication()[pri:0, instance:com.zerodha.kite.test.KiteLoginPagesValidation@957e06]" started-at="2022-04-08T06:36:13 IST" name="closeApplication" finished-at="2022-04-08T06:36:14 IST" duration-ms="211" status="PASS">
          <reporter-output>
            <line>
              <![CDATA[=====Browser Session End=====]]>
            </line>
          </reporter-output>
        </test-method> <!-- closeApplication -->
      </class> <!-- com.zerodha.kite.test.KiteLoginPagesValidation -->
      <class name="com.zerodha.kite.test.KiteLoginTest">
        <test-method is-config="true" signature="setupApplication(java.lang.String)[pri:0, instance:com.zerodha.kite.test.KiteLoginTest@437da279]" started-at="2022-04-08T06:36:14 IST" name="setupApplication" finished-at="2022-04-08T06:36:18 IST" duration-ms="4025" status="PASS">
          <params>
            <param index="0">
              <value>
                <![CDATA[Chrome]]>
              </value>
            </param>
          </params>
          <reporter-output>
            <line>
              <![CDATA[=====Chrome Browser Session Started=====]]>
            </line>
            <line>
              <![CDATA[=====Application Started=====]]>
            </line>
          </reporter-output>
        </test-method> <!-- setupApplication -->
        <test-method is-config="true" signature="loginApp()[pri:0, instance:com.zerodha.kite.test.KiteLoginTest@437da279]" started-at="2022-04-08T06:36:18 IST" name="loginApp" finished-at="2022-04-08T06:36:19 IST" duration-ms="926" status="PASS">
          <reporter-output>
          </reporter-output>
        </test-method> <!-- loginApp -->
        <test-method signature="verifyLogoutButton()[pri:0, instance:com.zerodha.kite.test.KiteLoginTest@437da279]" started-at="2022-04-08T06:36:19 IST" name="verifyLogoutButton" description="This TC will verify status of logout Button" finished-at="2022-04-08T06:36:22 IST" duration-ms="2976" status="PASS">
          <reporter-output>
          </reporter-output>
        </test-method> <!-- verifyLogoutButton -->
        <test-method is-config="true" signature="takeScreenShotOnFailure(org.testng.ITestResult)[pri:0, instance:com.zerodha.kite.test.KiteLoginTest@437da279]" started-at="2022-04-08T06:36:22 IST" name="takeScreenShotOnFailure" finished-at="2022-04-08T06:36:22 IST" duration-ms="1" status="PASS">
          <params>
            <param index="0">
              <value>
                <![CDATA[[TestResult name=verifyLogoutButton status=SUCCESS method=KiteLoginTest.verifyLogoutButton()[pri:0, instance:com.zerodha.kite.test.KiteLoginTest@437da279] output={null}]]]>
              </value>
            </param>
          </params>
          <reporter-output>
          </reporter-output>
        </test-method> <!-- takeScreenShotOnFailure -->
        <test-method is-config="true" signature="loginApp()[pri:0, instance:com.zerodha.kite.test.KiteLoginTest@437da279]" started-at="2022-04-08T06:36:22 IST" name="loginApp" finished-at="2022-04-08T06:36:22 IST" duration-ms="823" status="PASS">
          <reporter-output>
          </reporter-output>
        </test-method> <!-- loginApp -->
        <test-method signature="verifyProfileMenuButton()[pri:0, instance:com.zerodha.kite.test.KiteLoginTest@437da279]" started-at="2022-04-08T06:36:22 IST" name="verifyProfileMenuButton" description="This TC will verify status of Profile Menu Button" finished-at="2022-04-08T06:36:25 IST" duration-ms="2215" status="PASS">
          <reporter-output>
          </reporter-output>
        </test-method> <!-- verifyProfileMenuButton -->
        <test-method is-config="true" signature="takeScreenShotOnFailure(org.testng.ITestResult)[pri:0, instance:com.zerodha.kite.test.KiteLoginTest@437da279]" started-at="2022-04-08T06:36:25 IST" name="takeScreenShotOnFailure" finished-at="2022-04-08T06:36:25 IST" duration-ms="1" status="PASS">
          <params>
            <param index="0">
              <value>
                <![CDATA[[TestResult name=verifyProfileMenuButton status=SUCCESS method=KiteLoginTest.verifyProfileMenuButton()[pri:0, instance:com.zerodha.kite.test.KiteLoginTest@437da279] output={null}]]]>
              </value>
            </param>
          </params>
          <reporter-output>
          </reporter-output>
        </test-method> <!-- takeScreenShotOnFailure -->
        <test-method is-config="true" signature="loginApp()[pri:0, instance:com.zerodha.kite.test.KiteLoginTest@437da279]" started-at="2022-04-08T06:36:25 IST" name="loginApp" finished-at="2022-04-08T06:36:25 IST" duration-ms="798" status="PASS">
          <reporter-output>
          </reporter-output>
        </test-method> <!-- loginApp -->
        <test-method signature="verifyProfileName()[pri:0, instance:com.zerodha.kite.test.KiteLoginTest@437da279]" started-at="2022-04-08T06:36:25 IST" name="verifyProfileName" description="This TC will verify Profile Name on dashboard" finished-at="2022-04-08T06:36:28 IST" duration-ms="2093" status="PASS">
          <reporter-output>
          </reporter-output>
        </test-method> <!-- verifyProfileName -->
        <test-method is-config="true" signature="takeScreenShotOnFailure(org.testng.ITestResult)[pri:0, instance:com.zerodha.kite.test.KiteLoginTest@437da279]" started-at="2022-04-08T06:36:28 IST" name="takeScreenShotOnFailure" finished-at="2022-04-08T06:36:28 IST" duration-ms="1" status="PASS">
          <params>
            <param index="0">
              <value>
                <![CDATA[[TestResult name=verifyProfileName status=SUCCESS method=KiteLoginTest.verifyProfileName()[pri:0, instance:com.zerodha.kite.test.KiteLoginTest@437da279] output={null}]]]>
              </value>
            </param>
          </params>
          <reporter-output>
          </reporter-output>
        </test-method> <!-- takeScreenShotOnFailure -->
        <test-method is-config="true" signature="closeApplication()[pri:0, instance:com.zerodha.kite.test.KiteLoginTest@437da279]" started-at="2022-04-08T06:36:28 IST" name="closeApplication" finished-at="2022-04-08T06:36:28 IST" duration-ms="221" status="PASS">
          <reporter-output>
            <line>
              <![CDATA[=====Browser Session End=====]]>
            </line>
          </reporter-output>
        </test-method> <!-- closeApplication -->
      </class> <!-- com.zerodha.kite.test.KiteLoginTest -->
    </test> <!-- Test -->
  </suite> <!-- Suite -->
</testng-results>
